Using pre-set license
Built from '2021.3/evg/staging/82bb020e-b03b1330/draft-0' branch; Version is '2021.3.16f1 (4016570cf34f) revision 4200023'; Using compiler version '192829333'; Build Type 'Release'
OS: 'Windows 10  (10.0.19045) 64bit Professional' Language: 'pt' Physical Memory: 16313 MB
BatchMode: 1, IsHumanControllingUs: 0, StartBugReporterOnCrash: 0, Is64bit: 1, IsPro: 1

COMMAND LINE ARGUMENTS:
C:\Program Files\Unity\Hub\Editor\2021.3.16f1\Editor\Unity.exe
-adb2
-batchMode
-noUpm
-name
AssetImportWorker1
-projectPath
C:/Unity/Sound-Of-Dread/Sound Of Dread
-logFile
Logs/AssetImportWorker1.log
-srvPort
52275
Successfully changed project path to: C:/Unity/Sound-Of-Dread/Sound Of Dread
C:/Unity/Sound-Of-Dread/Sound Of Dread
[UnityMemory] Configuration Parameters - Can be set up in boot.config
    "memorysetup-bucket-allocator-granularity=16"
    "memorysetup-bucket-allocator-bucket-count=8"
    "memorysetup-bucket-allocator-block-size=33554432"
    "memorysetup-bucket-allocator-block-count=8"
    "memorysetup-main-allocator-block-size=16777216"
    "memorysetup-thread-allocator-block-size=16777216"
    "memorysetup-gfx-main-allocator-block-size=16777216"
    "memorysetup-gfx-thread-allocator-block-size=16777216"
    "memorysetup-cache-allocator-block-size=4194304"
    "memorysetup-typetree-allocator-block-size=2097152"
    "memorysetup-profiler-bucket-allocator-granularity=16"
    "memorysetup-profiler-bucket-allocator-bucket-count=8"
    "memorysetup-profiler-bucket-allocator-block-size=33554432"
    "memorysetup-profiler-bucket-allocator-block-count=8"
    "memorysetup-profiler-allocator-block-size=16777216"
    "memorysetup-profiler-editor-allocator-block-size=1048576"
    "memorysetup-temp-allocator-size-main=16777216"
    "memorysetup-job-temp-allocator-block-size=2097152"
    "memorysetup-job-temp-allocator-block-size-background=1048576"
    "memorysetup-job-temp-allocator-reduction-small-platforms=262144"
    "memorysetup-temp-allocator-size-background-worker=32768"
    "memorysetup-temp-allocator-size-job-worker=262144"
    "memorysetup-temp-allocator-size-preload-manager=33554432"
    "memorysetup-temp-allocator-size-nav-mesh-worker=65536"
    "memorysetup-temp-allocator-size-audio-worker=65536"
    "memorysetup-temp-allocator-size-cloud-worker=32768"
    "memorysetup-temp-allocator-size-gi-baking-worker=262144"
    "memorysetup-temp-allocator-size-gfx=262144"
Player connection [24460] Host "[IP] 192.168.1.111 [Port] 0 [Flags] 2 [Guid] 692728771 [EditorId] 692728771 [Version] 1048832 [Id] WindowsEditor(7,DESKTOP-975UR4H) [Debug] 1 [PackageName] WindowsEditor [ProjectName] Editor" joined multi-casting on [225.0.0.222:54997]...

Player connection [24460] Host "[IP] 192.168.1.111 [Port] 0 [Flags] 2 [Guid] 692728771 [EditorId] 692728771 [Version] 1048832 [Id] WindowsEditor(7,DESKTOP-975UR4H) [Debug] 1 [PackageName] WindowsEditor [ProjectName] Editor" joined alternative multi-casting on [225.0.0.222:34997]...

Refreshing native plugins compatible for Editor in 137.28 ms, found 3 plugins.
Preloading 0 native plugins for Editor in 0.00 ms.
Initialize engine version: 2021.3.16f1 (4016570cf34f)
[Subsystems] Discovering subsystems at path C:/Program Files/Unity/Hub/Editor/2021.3.16f1/Editor/Data/Resources/UnitySubsystems
[Subsystems] Discovering subsystems at path C:/Unity/Sound-Of-Dread/Sound Of Dread/Assets
GfxDevice: creating device client; threaded=0; jobified=0
Direct3D:
    Version:  Direct3D 11.0 [level 11.1]
    Renderer: NVIDIA GeForce RTX 2070 (ID=0x1f02)
    Vendor:   NVIDIA
    VRAM:     8019 MB
    Driver:   31.0.15.4584
Initialize mono
Mono path[0] = 'C:/Program Files/Unity/Hub/Editor/2021.3.16f1/Editor/Data/Managed'
Mono path[1] = 'C:/Program Files/Unity/Hub/Editor/2021.3.16f1/Editor/Data/MonoBleedingEdge/lib/mono/unityjit-win32'
Mono config path = 'C:/Program Files/Unity/Hub/Editor/2021.3.16f1/Editor/Data/MonoBleedingEdge/etc'
Using monoOptions --debugger-agent=transport=dt_socket,embedding=1,server=y,suspend=n,address=127.0.0.1:56536
Begin MonoManager ReloadAssembly
Registering precompiled unity dll's ...
Register platform support module: C:/Program Files/Unity/Hub/Editor/2021.3.16f1/Editor/Data/PlaybackEngines/WindowsStandaloneSupport/UnityEditor.WindowsStandalone.Extensions.dll
Registered in 0.016518 seconds.
Native extension for WindowsStandalone target not found
Refreshing native plugins compatible for Editor in 134.57 ms, found 3 plugins.
Preloading 0 native plugins for Editor in 0.00 ms.
Mono: successfully reloaded assembly
- Completed reload, in  0.825 seconds
Domain Reload Profiling:
	ReloadAssembly (826ms)
		BeginReloadAssembly (94ms)
			ExecutionOrderSort (0ms)
			DisableScriptedObjects (0ms)
			BackupInstance (0ms)
			ReleaseScriptingObjects (0ms)
			CreateAndSetChildDomain (1ms)
		EndReloadAssembly (584ms)
			LoadAssemblies (88ms)
			RebuildTransferFunctionScriptingTraits (0ms)
			SetupTypeCache (135ms)
			ReleaseScriptCaches (0ms)
			RebuildScriptCaches (31ms)
			SetupLoadedEditorAssemblies (356ms)
				LogAssemblyErrors (0ms)
				InitializePlatformSupportModulesInManaged (10ms)
				SetLoadedEditorAssemblies (0ms)
				RefreshPlugins (135ms)
				BeforeProcessingInitializeOnLoad (2ms)
				ProcessInitializeOnLoadAttributes (159ms)
				ProcessInitializeOnLoadMethodAttributes (50ms)
				AfterProcessingInitializeOnLoad (0ms)
				EditorAssembliesLoaded (0ms)
			ExecutionOrderSort2 (0ms)
			AwakeInstancesAfterBackupRestoration (0ms)
Platform modules already initialized, skipping
Registering precompiled user dll's ...
Registered in 0.012647 seconds.
Begin MonoManager ReloadAssembly
Symbol file LoadedFromMemory doesn't match image C:\Unity\Sound-Of-Dread\Sound Of Dread\Library\PackageCache\com.unity.visualscripting@1.7.8\Editor\VisualScripting.Core\Dependencies\YamlDotNet\Unity.VisualScripting.YamlDotNet.dll
Symbol file LoadedFromMemory doesn't match image C:\Unity\Sound-Of-Dread\Sound Of Dread\Library\PackageCache\com.unity.visualscripting@1.7.8\Editor\VisualScripting.Core\Dependencies\DotNetZip\Unity.VisualScripting.IonicZip.dll
Native extension for WindowsStandalone target not found
Refreshing native plugins compatible for Editor in 143.20 ms, found 3 plugins.
Preloading 0 native plugins for Editor in 0.00 ms.
Mono: successfully reloaded assembly
- Completed reload, in  1.678 seconds
Domain Reload Profiling:
	ReloadAssembly (1679ms)
		BeginReloadAssembly (145ms)
			ExecutionOrderSort (0ms)
			DisableScriptedObjects (7ms)
			BackupInstance (0ms)
			ReleaseScriptingObjects (0ms)
			CreateAndSetChildDomain (22ms)
		EndReloadAssembly (1387ms)
			LoadAssemblies (130ms)
			RebuildTransferFunctionScriptingTraits (0ms)
			SetupTypeCache (321ms)
			ReleaseScriptCaches (1ms)
			RebuildScriptCaches (108ms)
			SetupLoadedEditorAssemblies (766ms)
				LogAssemblyErrors (0ms)
				InitializePlatformSupportModulesInManaged (7ms)
				SetLoadedEditorAssemblies (0ms)
				RefreshPlugins (143ms)
				BeforeProcessingInitializeOnLoad (145ms)
				ProcessInitializeOnLoadAttributes (364ms)
				ProcessInitializeOnLoadMethodAttributes (90ms)
				AfterProcessingInitializeOnLoad (16ms)
				EditorAssembliesLoaded (0ms)
			ExecutionOrderSort2 (0ms)
			AwakeInstancesAfterBackupRestoration (7ms)
Platform modules already initialized, skipping
========================================================================
Worker process is ready to serve import requests
Launched and connected shader compiler UnityShaderCompiler.exe after 0.06 seconds
Refreshing native plugins compatible for Editor in 1.69 ms, found 3 plugins.
Preloading 0 native plugins for Editor in 0.00 ms.
Unloading 5906 Unused Serialized files (Serialized files now loaded: 0)
Unloading 57 unused Assets / (2.3 MB). Loaded Objects now: 6350.
Memory consumption went from 241.5 MB to 239.2 MB.
Total: 6.200800 ms (FindLiveObjects: 0.780800 ms CreateObjectMapping: 0.232600 ms MarkObjects: 4.176200 ms  DeleteObjects: 1.009500 ms)

AssetImportParameters requested are different than current active one (requested -> active):
  custom:video-decoder-ogg-theora: a1e56fd34408186e4bbccfd4996cb3dc -> 
  custom:container-muxer-webm: aa71ff27fc2769a1b78a27578f13a17b -> 
  custom:container-demuxer-webm: 4f35f7cbe854078d1ac9338744f61a02 -> 
  custom:video-encoder-webm-vp8: eb34c28f22e8b96e1ab97ce403110664 -> 
  custom:audio-encoder-webm-vorbis: bf7c407c2cedff20999df2af8eb42d56 -> 
  custom:framework-win-MediaFoundation: 216162199b28c13a410421893ffa2e32 -> 
  custom:container-demuxer-ogg: 62fdf1f143b41e24485cea50d1cbac27 -> 
  custom:video-decoder-webm-vp8: 9c59270c3fd7afecdb556c50c9e8de78 -> 
  custom:audio-decoder-ogg-vorbis: bf7c407c2cedff20999df2af8eb42d56 -> 
========================================================================
Received Prepare
Registering precompiled user dll's ...
Registered in 0.013246 seconds.
Begin MonoManager ReloadAssembly
Symbol file LoadedFromMemory doesn't match image C:\Unity\Sound-Of-Dread\Sound Of Dread\Library\PackageCache\com.unity.visualscripting@1.7.8\Editor\VisualScripting.Core\Dependencies\YamlDotNet\Unity.VisualScripting.YamlDotNet.dll
Symbol file LoadedFromMemory doesn't match image C:\Unity\Sound-Of-Dread\Sound Of Dread\Library\PackageCache\com.unity.visualscripting@1.7.8\Editor\VisualScripting.Core\Dependencies\DotNetZip\Unity.VisualScripting.IonicZip.dll
Native extension for WindowsStandalone target not found
Refreshing native plugins compatible for Editor in 1.45 ms, found 3 plugins.
Preloading 0 native plugins for Editor in 0.00 ms.
Mono: successfully reloaded assembly
- Completed reload, in  1.595 seconds
Domain Reload Profiling:
	ReloadAssembly (1596ms)
		BeginReloadAssembly (184ms)
			ExecutionOrderSort (0ms)
			DisableScriptedObjects (6ms)
			BackupInstance (0ms)
			ReleaseScriptingObjects (0ms)
			CreateAndSetChildDomain (48ms)
		EndReloadAssembly (1269ms)
			LoadAssemblies (139ms)
			RebuildTransferFunctionScriptingTraits (0ms)
			SetupTypeCache (350ms)
			ReleaseScriptCaches (3ms)
			RebuildScriptCaches (62ms)
			SetupLoadedEditorAssemblies (643ms)
				LogAssemblyErrors (0ms)
				InitializePlatformSupportModulesInManaged (18ms)
				SetLoadedEditorAssemblies (1ms)
				RefreshPlugins (2ms)
				BeforeProcessingInitializeOnLoad (114ms)
				ProcessInitializeOnLoadAttributes (369ms)
				ProcessInitializeOnLoadMethodAttributes (122ms)
				AfterProcessingInitializeOnLoad (18ms)
				EditorAssembliesLoaded (0ms)
			ExecutionOrderSort2 (0ms)
			AwakeInstancesAfterBackupRestoration (24ms)
Platform modules already initialized, skipping
Refreshing native plugins compatible for Editor in 4.92 ms, found 3 plugins.
Preloading 0 native plugins for Editor in 0.00 ms.
Unloading 5740 Unused Serialized files (Serialized files now loaded: 0)
Unloading 48 unused Assets / (2.3 MB). Loaded Objects now: 6359.
Memory consumption went from 229.7 MB to 227.4 MB.
Total: 7.409400 ms (FindLiveObjects: 0.620300 ms CreateObjectMapping: 0.168200 ms MarkObjects: 4.577100 ms  DeleteObjects: 2.041900 ms)

AssetImportParameters requested are different than current active one (requested -> active):
  custom:video-decoder-ogg-theora: a1e56fd34408186e4bbccfd4996cb3dc -> 
  custom:container-muxer-webm: aa71ff27fc2769a1b78a27578f13a17b -> 
  custom:container-demuxer-webm: 4f35f7cbe854078d1ac9338744f61a02 -> 
  custom:video-encoder-webm-vp8: eb34c28f22e8b96e1ab97ce403110664 -> 
  custom:audio-encoder-webm-vorbis: bf7c407c2cedff20999df2af8eb42d56 -> 
  custom:framework-win-MediaFoundation: 216162199b28c13a410421893ffa2e32 -> 
  custom:container-demuxer-ogg: 62fdf1f143b41e24485cea50d1cbac27 -> 
  custom:video-decoder-webm-vp8: 9c59270c3fd7afecdb556c50c9e8de78 -> 
  custom:audio-decoder-ogg-vorbis: bf7c407c2cedff20999df2af8eb42d56 -> 
========================================================================
Received Prepare
Registering precompiled user dll's ...
Registered in 0.012208 seconds.
Begin MonoManager ReloadAssembly
Symbol file LoadedFromMemory doesn't match image C:\Unity\Sound-Of-Dread\Sound Of Dread\Library\PackageCache\com.unity.visualscripting@1.7.8\Editor\VisualScripting.Core\Dependencies\YamlDotNet\Unity.VisualScripting.YamlDotNet.dll
Symbol file LoadedFromMemory doesn't match image C:\Unity\Sound-Of-Dread\Sound Of Dread\Library\PackageCache\com.unity.visualscripting@1.7.8\Editor\VisualScripting.Core\Dependencies\DotNetZip\Unity.VisualScripting.IonicZip.dll
Native extension for WindowsStandalone target not found
Refreshing native plugins compatible for Editor in 1.32 ms, found 3 plugins.
Preloading 0 native plugins for Editor in 0.00 ms.
Mono: successfully reloaded assembly
- Completed reload, in  1.561 seconds
Domain Reload Profiling:
	ReloadAssembly (1562ms)
		BeginReloadAssembly (214ms)
			ExecutionOrderSort (0ms)
			DisableScriptedObjects (6ms)
			BackupInstance (0ms)
			ReleaseScriptingObjects (0ms)
			CreateAndSetChildDomain (58ms)
		EndReloadAssembly (1219ms)
			LoadAssemblies (154ms)
			RebuildTransferFunctionScriptingTraits (0ms)
			SetupTypeCache (359ms)
			ReleaseScriptCaches (3ms)
			RebuildScriptCaches (64ms)
			SetupLoadedEditorAssemblies (589ms)
				LogAssemblyErrors (0ms)
				InitializePlatformSupportModulesInManaged (16ms)
				SetLoadedEditorAssemblies (1ms)
				RefreshPlugins (1ms)
				BeforeProcessingInitializeOnLoad (116ms)
				ProcessInitializeOnLoadAttributes (346ms)
				ProcessInitializeOnLoadMethodAttributes (92ms)
				AfterProcessingInitializeOnLoad (16ms)
				EditorAssembliesLoaded (0ms)
			ExecutionOrderSort2 (0ms)
			AwakeInstancesAfterBackupRestoration (22ms)
Platform modules already initialized, skipping
Refreshing native plugins compatible for Editor in 4.58 ms, found 3 plugins.
Preloading 0 native plugins for Editor in 0.00 ms.
Unloading 5740 Unused Serialized files (Serialized files now loaded: 0)
Unloading 48 unused Assets / (2.3 MB). Loaded Objects now: 6368.
Memory consumption went from 229.7 MB to 227.4 MB.
Total: 7.202900 ms (FindLiveObjects: 0.604800 ms CreateObjectMapping: 0.191600 ms MarkObjects: 4.800200 ms  DeleteObjects: 1.604200 ms)

AssetImportParameters requested are different than current active one (requested -> active):
  custom:video-decoder-ogg-theora: a1e56fd34408186e4bbccfd4996cb3dc -> 
  custom:container-muxer-webm: aa71ff27fc2769a1b78a27578f13a17b -> 
  custom:container-demuxer-webm: 4f35f7cbe854078d1ac9338744f61a02 -> 
  custom:video-encoder-webm-vp8: eb34c28f22e8b96e1ab97ce403110664 -> 
  custom:audio-encoder-webm-vorbis: bf7c407c2cedff20999df2af8eb42d56 -> 
  custom:framework-win-MediaFoundation: 216162199b28c13a410421893ffa2e32 -> 
  custom:container-demuxer-ogg: 62fdf1f143b41e24485cea50d1cbac27 -> 
  custom:video-decoder-webm-vp8: 9c59270c3fd7afecdb556c50c9e8de78 -> 
  custom:audio-decoder-ogg-vorbis: bf7c407c2cedff20999df2af8eb42d56 -> 
========================================================================
Received Import Request.
  Time since last request: 271614.089231 seconds.
  path: Assets/Assets/Enemies/Prefab/RedBelly.prefab
  artifactKey: Guid(4062f47b061e4984a8bc6e07a182dbb7) Importer(815301076,1909f56bfc062723c751e8b465ee728b)
Start importing Assets/Assets/Enemies/Prefab/RedBelly.prefab using Guid(4062f47b061e4984a8bc6e07a182dbb7) Importer(815301076,1909f56bfc062723c751e8b465ee728b) The file 'Assets/Assets/Enemies/Animations/Idle.anim' seems to have merge conflicts. Please open it in a text editor and fix the merge.
UnityEngine.StackTraceUtility:ExtractStackTrace ()
UnityEditor.EditorUtility:Internal_InstantiateRemoveAllNonAnimationComponentsSingle (UnityEngine.Object,UnityEngine.Vector3,UnityEngine.Quaternion)
UnityEditor.EditorUtility:InstantiateRemoveAllNonAnimationComponents (UnityEngine.Object,UnityEngine.Vector3,UnityEngine.Quaternion)
UnityEditor.EditorUtility:InstantiateForAnimatorPreview (UnityEngine.Object)
UnityEditor.GameObjectInspector/PreviewData:UpdateGameObject (UnityEngine.Object)
UnityEditor.GameObjectInspector/PreviewData:.ctor (UnityEngine.Object)
UnityEditor.GameObjectInspector:GetPreviewData ()
UnityEditor.GameObjectInspector:RenderStaticPreview (string,UnityEngine.Object[],int,int)
UnityEditor.AssetPreviewUpdater:CreatePreview (UnityEngine.Object,UnityEngine.Object[],string,int,int)
UnityEditor.AssetPreviewUpdater:CreatePreviewForAsset (UnityEngine.Object,UnityEngine.Object[],string)

[ line 0]

The file 'Assets/Assets/Enemies/Animations/Patrol.anim' seems to have merge conflicts. Please open it in a text editor and fix the merge.
UnityEngine.StackTraceUtility:ExtractStackTrace ()
UnityEditor.EditorUtility:Internal_InstantiateRemoveAllNonAnimationComponentsSingle (UnityEngine.Object,UnityEngine.Vector3,UnityEngine.Quaternion)
UnityEditor.EditorUtility:InstantiateRemoveAllNonAnimationComponents (UnityEngine.Object,UnityEngine.Vector3,UnityEngine.Quaternion)
UnityEditor.EditorUtility:InstantiateForAnimatorPreview (UnityEngine.Object)
UnityEditor.GameObjectInspector/PreviewData:UpdateGameObject (UnityEngine.Object)
UnityEditor.GameObjectInspector/PreviewData:.ctor (UnityEngine.Object)
UnityEditor.GameObjectInspector:GetPreviewData ()
UnityEditor.GameObjectInspector:RenderStaticPreview (string,UnityEngine.Object[],int,int)
UnityEditor.AssetPreviewUpdater:CreatePreview (UnityEngine.Object,UnityEngine.Object[],string,int,int)
UnityEditor.AssetPreviewUpdater:CreatePreviewForAsset (UnityEngine.Object,UnityEngine.Object[],string)

[ line 0]

The file 'Assets/Assets/Enemies/Animations/Chase.anim' seems to have merge conflicts. Please open it in a text editor and fix the merge.
UnityEngine.StackTraceUtility:ExtractStackTrace ()
UnityEditor.EditorUtility:Internal_InstantiateRemoveAllNonAnimationComponentsSingle (UnityEngine.Object,UnityEngine.Vector3,UnityEngine.Quaternion)
UnityEditor.EditorUtility:InstantiateRemoveAllNonAnimationComponents (UnityEngine.Object,UnityEngine.Vector3,UnityEngine.Quaternion)
UnityEditor.EditorUtility:InstantiateForAnimatorPreview (UnityEngine.Object)
UnityEditor.GameObjectInspector/PreviewData:UpdateGameObject (UnityEngine.Object)
UnityEditor.GameObjectInspector/PreviewData:.ctor (UnityEngine.Object)
UnityEditor.GameObjectInspector:GetPreviewData ()
UnityEditor.GameObjectInspector:RenderStaticPreview (string,UnityEngine.Object[],int,int)
UnityEditor.AssetPreviewUpdater:CreatePreview (UnityEngine.Object,UnityEngine.Object[],string,int,int)
UnityEditor.AssetPreviewUpdater:CreatePreviewForAsset (UnityEngine.Object,UnityEngine.Object[],string)

[ line 0]

The file 'Assets/Assets/Enemies/Animations/Attack.anim' seems to have merge conflicts. Please open it in a text editor and fix the merge.
UnityEngine.StackTraceUtility:ExtractStackTrace ()
UnityEditor.EditorUtility:Internal_InstantiateRemoveAllNonAnimationComponentsSingle (UnityEngine.Object,UnityEngine.Vector3,UnityEngine.Quaternion)
UnityEditor.EditorUtility:InstantiateRemoveAllNonAnimationComponents (UnityEngine.Object,UnityEngine.Vector3,UnityEngine.Quaternion)
UnityEditor.EditorUtility:InstantiateForAnimatorPreview (UnityEngine.Object)
UnityEditor.GameObjectInspector/PreviewData:UpdateGameObject (UnityEngine.Object)
UnityEditor.GameObjectInspector/PreviewData:.ctor (UnityEngine.Object)
UnityEditor.GameObjectInspector:GetPreviewData ()
UnityEditor.GameObjectInspector:RenderStaticPreview (string,UnityEngine.Object[],int,int)
UnityEditor.AssetPreviewUpdater:CreatePreview (UnityEngine.Object,UnityEngine.Object[],string,int,int)
UnityEditor.AssetPreviewUpdater:CreatePreviewForAsset (UnityEngine.Object,UnityEngine.Object[],string)

[ line 0]

 -> (artifact id: '464e3b503adcaf350cea8ca71a32a58f') in 0.715336 seconds 
========================================================================
Received Prepare
Registering precompiled user dll's ...
Registered in 0.012139 seconds.
Begin MonoManager ReloadAssembly
Symbol file LoadedFromMemory doesn't match image C:\Unity\Sound-Of-Dread\Sound Of Dread\Library\PackageCache\com.unity.visualscripting@1.7.8\Editor\VisualScripting.Core\Dependencies\YamlDotNet\Unity.VisualScripting.YamlDotNet.dll
Symbol file LoadedFromMemory doesn't match image C:\Unity\Sound-Of-Dread\Sound Of Dread\Library\PackageCache\com.unity.visualscripting@1.7.8\Editor\VisualScripting.Core\Dependencies\DotNetZip\Unity.VisualScripting.IonicZip.dll
Native extension for WindowsStandalone target not found
Refreshing native plugins compatible for Editor in 1.26 ms, found 3 plugins.
Preloading 0 native plugins for Editor in 0.00 ms.
Mono: successfully reloaded assembly
- Completed reload, in  1.559 seconds
Domain Reload Profiling:
	ReloadAssembly (1560ms)
		BeginReloadAssembly (188ms)
			ExecutionOrderSort (0ms)
			DisableScriptedObjects (8ms)
			BackupInstance (0ms)
			ReleaseScriptingObjects (0ms)
			CreateAndSetChildDomain (52ms)
		EndReloadAssembly (1238ms)
			LoadAssemblies (138ms)
			RebuildTransferFunctionScriptingTraits (0ms)
			SetupTypeCache (332ms)
			ReleaseScriptCaches (3ms)
			RebuildScriptCaches (64ms)
			SetupLoadedEditorAssemblies (586ms)
				LogAssemblyErrors (0ms)
				InitializePlatformSupportModulesInManaged (17ms)
				SetLoadedEditorAssemblies (1ms)
				RefreshPlugins (1ms)
				BeforeProcessingInitializeOnLoad (122ms)
				ProcessInitializeOnLoadAttributes (339ms)
				ProcessInitializeOnLoadMethodAttributes (89ms)
				AfterProcessingInitializeOnLoad (17ms)
				EditorAssembliesLoaded (0ms)
			ExecutionOrderSort2 (0ms)
			AwakeInstancesAfterBackupRestoration (31ms)
Platform modules already initialized, skipping
Refreshing native plugins compatible for Editor in 4.13 ms, found 3 plugins.
Preloading 0 native plugins for Editor in 0.00 ms.
Unloading 5747 Unused Serialized files (Serialized files now loaded: 0)
Unloading 48 unused Assets / (2.3 MB). Loaded Objects now: 6446.
Memory consumption went from 249.7 MB to 247.4 MB.
Total: 6.267100 ms (FindLiveObjects: 0.641900 ms CreateObjectMapping: 0.173900 ms MarkObjects: 4.585500 ms  DeleteObjects: 0.864100 ms)

AssetImportParameters requested are different than current active one (requested -> active):
  custom:video-decoder-ogg-theora: a1e56fd34408186e4bbccfd4996cb3dc -> 
  custom:container-muxer-webm: aa71ff27fc2769a1b78a27578f13a17b -> 
  custom:container-demuxer-webm: 4f35f7cbe854078d1ac9338744f61a02 -> 
  custom:video-encoder-webm-vp8: eb34c28f22e8b96e1ab97ce403110664 -> 
  custom:audio-encoder-webm-vorbis: bf7c407c2cedff20999df2af8eb42d56 -> 
  custom:framework-win-MediaFoundation: 216162199b28c13a410421893ffa2e32 -> 
  custom:container-demuxer-ogg: 62fdf1f143b41e24485cea50d1cbac27 -> 
  custom:video-decoder-webm-vp8: 9c59270c3fd7afecdb556c50c9e8de78 -> 
  custom:audio-decoder-ogg-vorbis: bf7c407c2cedff20999df2af8eb42d56 -> 
========================================================================
Received Import Request.
  Time since last request: 309.795454 seconds.
  path: Assets/AN Interactive Physical Door Pack/Prefabs/Door_Prefab_Closed.prefab
  artifactKey: Guid(07dd0ed6acb5c5140a213008cf7b2a1d) Importer(815301076,1909f56bfc062723c751e8b465ee728b)
Start importing Assets/AN Interactive Physical Door Pack/Prefabs/Door_Prefab_Closed.prefab using Guid(07dd0ed6acb5c5140a213008cf7b2a1d) Importer(815301076,1909f56bfc062723c751e8b465ee728b)  -> (artifact id: 'f4f131a402558b76e2b30013266053d7') in 0.285977 seconds 
========================================================================
Received Import Request.
  Time since last request: 0.000039 seconds.
  path: Assets/AN Interactive Physical Door Pack/Prefabs/Door_Prefab_Opened.prefab
  artifactKey: Guid(4ecf6aa2a2182cf4c843c0d565e94cd0) Importer(815301076,1909f56bfc062723c751e8b465ee728b)
Start importing Assets/AN Interactive Physical Door Pack/Prefabs/Door_Prefab_Opened.prefab using Guid(4ecf6aa2a2182cf4c843c0d565e94cd0) Importer(815301076,1909f56bfc062723c751e8b465ee728b)  -> (artifact id: '4907bd3ca0e1818b961da14aa23082c1') in 0.027002 seconds 
========================================================================
Received Import Request.
  Time since last request: 0.000048 seconds.
  path: Assets/AN Interactive Physical Door Pack/Prefabs/Socket_Prefab.prefab
  artifactKey: Guid(df06f9cad31d47947affd5ac95ae6c39) Importer(815301076,1909f56bfc062723c751e8b465ee728b)
Start importing Assets/AN Interactive Physical Door Pack/Prefabs/Socket_Prefab.prefab using Guid(df06f9cad31d47947affd5ac95ae6c39) Importer(815301076,1909f56bfc062723c751e8b465ee728b)  -> (artifact id: '65c6ec7b6033b713373f419f696f8e2c') in 0.025182 seconds 
========================================================================
Received Import Request.
  Time since last request: 0.000031 seconds.
  path: Assets/AN Interactive Physical Door Pack/Prefabs/Lever_Prefab.prefab
  artifactKey: Guid(a0164d9c476080e449c72cf58e7709ab) Importer(815301076,1909f56bfc062723c751e8b465ee728b)
Start importing Assets/AN Interactive Physical Door Pack/Prefabs/Lever_Prefab.prefab using Guid(a0164d9c476080e449c72cf58e7709ab) Importer(815301076,1909f56bfc062723c751e8b465ee728b)  -> (artifact id: '8cd39d8bc77c08e1baccb2325d380a95') in 0.031267 seconds 
========================================================================
Received Import Request.
  Time since last request: 12.818976 seconds.
  path: Assets/AN Interactive Physical Door Pack/Materials/Hero.mat
  artifactKey: Guid(cc358a401e37531449cc4a5f72fc6e34) Importer(815301076,1909f56bfc062723c751e8b465ee728b)
Start importing Assets/AN Interactive Physical Door Pack/Materials/Hero.mat using Guid(cc358a401e37531449cc4a5f72fc6e34) Importer(815301076,1909f56bfc062723c751e8b465ee728b)  -> (artifact id: 'b12375787aca60cad49beac6d954010e') in 0.039514 seconds 
========================================================================
Received Import Request.
  Time since last request: 0.338995 seconds.
  path: Assets/AN Interactive Physical Door Pack/FBX/Key.FBX
  artifactKey: Guid(9786d89b3b98ae44baca280237b69798) Importer(815301076,1909f56bfc062723c751e8b465ee728b)
Start importing Assets/AN Interactive Physical Door Pack/FBX/Key.FBX using Guid(9786d89b3b98ae44baca280237b69798) Importer(815301076,1909f56bfc062723c751e8b465ee728b)  -> (artifact id: 'a0fe52fa99e8e117cd6a0b76c9ac3861') in 0.076034 seconds 
========================================================================
Received Import Request.
  Time since last request: 0.000035 seconds.
  path: Assets/AN Interactive Physical Door Pack/FBX/Rub.FBX
  artifactKey: Guid(7b85b6477edc82240b543ad474b2eb7f) Importer(815301076,1909f56bfc062723c751e8b465ee728b)
Start importing Assets/AN Interactive Physical Door Pack/FBX/Rub.FBX using Guid(7b85b6477edc82240b543ad474b2eb7f) Importer(815301076,1909f56bfc062723c751e8b465ee728b)  -> (artifact id: '31e49be12cb545995dd7d17a24724255') in 0.083943 seconds 
========================================================================
Received Import Request.
  Time since last request: 20.287678 seconds.
  path: Assets/Alphabetic Neon Props/_Prefabs/Pink/2_Pink.prefab
  artifactKey: Guid(58dcbdfa037ed3b458fbb011a08810d7) Importer(815301076,1909f56bfc062723c751e8b465ee728b)
Start importing Assets/Alphabetic Neon Props/_Prefabs/Pink/2_Pink.prefab using Guid(58dcbdfa037ed3b458fbb011a08810d7) Importer(815301076,1909f56bfc062723c751e8b465ee728b)  -> (artifact id: '164a6ac0a8dbc8bb5979161447d27082') in 0.066388 seconds 
========================================================================
Received Import Request.
  Time since last request: 0.000038 seconds.
  path: Assets/Alphabetic Neon Props/_Prefabs/Pink/G_Pink.prefab
  artifactKey: Guid(8eaee3d3c66057647aaf42775eaf3eb4) Importer(815301076,1909f56bfc062723c751e8b465ee728b)
Start importing Assets/Alphabetic Neon Props/_Prefabs/Pink/G_Pink.prefab using Guid(8eaee3d3c66057647aaf42775eaf3eb4) Importer(815301076,1909f56bfc062723c751e8b465ee728b)  -> (artifact id: '530d78e66e5c3c2a094fa2a87e5c98ab') in 0.048471 seconds 
========================================================================
Received Import Request.
  Time since last request: 0.000053 seconds.
  path: Assets/Alphabetic Neon Props/_Prefabs/Pink/B_Pink.prefab
  artifactKey: Guid(63f9306c601212c4999a39ec976e55d3) Importer(815301076,1909f56bfc062723c751e8b465ee728b)
Start importing Assets/Alphabetic Neon Props/_Prefabs/Pink/B_Pink.prefab using Guid(63f9306c601212c4999a39ec976e55d3) Importer(815301076,1909f56bfc062723c751e8b465ee728b)  -> (artifact id: '0137bf434c985f750221e7eef21ed8c3') in 0.043416 seconds 
========================================================================
Received Import Request.
  Time since last request: 0.000044 seconds.
  path: Assets/Alphabetic Neon Props/_Prefabs/Pink/O_Pink.prefab
  artifactKey: Guid(5e9a0a7d4fe3d484aa2296c920b7d9ff) Importer(815301076,1909f56bfc062723c751e8b465ee728b)
Start importing Assets/Alphabetic Neon Props/_Prefabs/Pink/O_Pink.prefab using Guid(5e9a0a7d4fe3d484aa2296c920b7d9ff) Importer(815301076,1909f56bfc062723c751e8b465ee728b)  -> (artifact id: '2421013d2d8b937c1e69f943d07decf1') in 0.061505 seconds 
========================================================================
Received Import Request.
  Time since last request: 0.000074 seconds.
  path: Assets/Alphabetic Neon Props/_Prefabs/Pink/J_Pink.prefab
  artifactKey: Guid(17a24f000fff6334ba49ab4d4463fbed) Importer(815301076,1909f56bfc062723c751e8b465ee728b)
Start importing Assets/Alphabetic Neon Props/_Prefabs/Pink/J_Pink.prefab using Guid(17a24f000fff6334ba49ab4d4463fbed) Importer(815301076,1909f56bfc062723c751e8b465ee728b)  -> (artifact id: 'a050566903525a3ee7079b42a65d73ef') in 0.039588 seconds 
========================================================================
Received Import Request.
  Time since last request: 0.000059 seconds.
  path: Assets/Alphabetic Neon Props/_Prefabs/Pink/I_Pink.prefab
  artifactKey: Guid(62bbcdf6d624ecb4f9598f9af4218ecc) Importer(815301076,1909f56bfc062723c751e8b465ee728b)
Start importing Assets/Alphabetic Neon Props/_Prefabs/Pink/I_Pink.prefab using Guid(62bbcdf6d624ecb4f9598f9af4218ecc) Importer(815301076,1909f56bfc062723c751e8b465ee728b)  -> (artifact id: '19b62a860428df2ddc817be7de983fba') in 0.061446 seconds 
========================================================================
Received Import Request.
  Time since last request: 0.000049 seconds.
  path: Assets/Alphabetic Neon Props/_Prefabs/Pink/M_Pink.prefab
  artifactKey: Guid(13b0779ca65ec3143a86a3a89b3e5719) Importer(815301076,1909f56bfc062723c751e8b465ee728b)
Start importing Assets/Alphabetic Neon Props/_Prefabs/Pink/M_Pink.prefab using Guid(13b0779ca65ec3143a86a3a89b3e5719) Importer(815301076,1909f56bfc062723c751e8b465ee728b)  -> (artifact id: '8ec32f8da7c6584039e53f06e8890e90') in 0.048575 seconds 
========================================================================
Received Import Request.
  Time since last request: 0.000040 seconds.
  path: Assets/Alphabetic Neon Props/_Prefabs/Pink/5_Pink.prefab
  artifactKey: Guid(32137ee45cdb7c54e830d4ff3d4f8eb4) Importer(815301076,1909f56bfc062723c751e8b465ee728b)
Start importing Assets/Alphabetic Neon Props/_Prefabs/Pink/5_Pink.prefab using Guid(32137ee45cdb7c54e830d4ff3d4f8eb4) Importer(815301076,1909f56bfc062723c751e8b465ee728b)  -> (artifact id: 'ebaef91975feafc4db5222ec21a86cf7') in 0.041360 seconds 
========================================================================
Received Import Request.
  Time since last request: 0.000061 seconds.
  path: Assets/Alphabetic Neon Props/_Prefabs/White/E_White.prefab
  artifactKey: Guid(602b0bd5a06fe4e4b9c9d3c734e73166) Importer(815301076,1909f56bfc062723c751e8b465ee728b)
Start importing Assets/Alphabetic Neon Props/_Prefabs/White/E_White.prefab using Guid(602b0bd5a06fe4e4b9c9d3c734e73166) Importer(815301076,1909f56bfc062723c751e8b465ee728b)  -> (artifact id: '2c19545c45cea7555a33d305a6d3ef0e') in 0.045409 seconds 
========================================================================
Received Import Request.
  Time since last request: 0.000050 seconds.
  path: Assets/Alphabetic Neon Props/_Prefabs/White/3_White.prefab
  artifactKey: Guid(bc578c61b8339644eae6387243513e38) Importer(815301076,1909f56bfc062723c751e8b465ee728b)
Start importing Assets/Alphabetic Neon Props/_Prefabs/White/3_White.prefab using Guid(bc578c61b8339644eae6387243513e38) Importer(815301076,1909f56bfc062723c751e8b465ee728b)  -> (artifact id: '2065312c6b76016bb866af9fafe14300') in 0.045329 seconds 
========================================================================
Received Import Request.
  Time since last request: 0.000050 seconds.
  path: Assets/Alphabetic Neon Props/_Prefabs/White/D_White.prefab
  artifactKey: Guid(e39c7d16ca60d0347b6775a00c594a1b) Importer(815301076,1909f56bfc062723c751e8b465ee728b)
Start importing Assets/Alphabetic Neon Props/_Prefabs/White/D_White.prefab using Guid(e39c7d16ca60d0347b6775a00c594a1b) Importer(815301076,1909f56bfc062723c751e8b465ee728b)  -> (artifact id: 'c7693a0967cdd9ad0495311a8c4079fd') in 0.048922 seconds 
========================================================================
Received Import Request.
  Time since last request: 0.000041 seconds.
  path: Assets/Alphabetic Neon Props/_Prefabs/White/Q_White.prefab
  artifactKey: Guid(f37e0ac60529f9e4aac2d9248e6f5fa9) Importer(815301076,1909f56bfc062723c751e8b465ee728b)
Start importing Assets/Alphabetic Neon Props/_Prefabs/White/Q_White.prefab using Guid(f37e0ac60529f9e4aac2d9248e6f5fa9) Importer(815301076,1909f56bfc062723c751e8b465ee728b)  -> (artifact id: '22467b405afc679423d19f4ba237e525') in 0.044579 seconds 
========================================================================
Received Import Request.
  Time since last request: 0.000031 seconds.
  path: Assets/Alphabetic Neon Props/_Prefabs/White/9_White.prefab
  artifactKey: Guid(e40267d945b249046b33fda99ad267fd) Importer(815301076,1909f56bfc062723c751e8b465ee728b)
Start importing Assets/Alphabetic Neon Props/_Prefabs/White/9_White.prefab using Guid(e40267d945b249046b33fda99ad267fd) Importer(815301076,1909f56bfc062723c751e8b465ee728b)  -> (artifact id: '8ac9d72d555194550f62104b6301b5f1') in 0.042895 seconds 
========================================================================
Received Import Request.
  Time since last request: 0.000066 seconds.
  path: Assets/Alphabetic Neon Props/_Prefabs/White/5_White.prefab
  artifactKey: Guid(76890ea1ac7032e439f93bc9b71b48ff) Importer(815301076,1909f56bfc062723c751e8b465ee728b)
Start importing Assets/Alphabetic Neon Props/_Prefabs/White/5_White.prefab using Guid(76890ea1ac7032e439f93bc9b71b48ff) Importer(815301076,1909f56bfc062723c751e8b465ee728b)  -> (artifact id: '3dc6b73e3e0237caa5a74ada297c4307') in 0.044948 seconds 
========================================================================
Received Import Request.
  Time since last request: 0.000055 seconds.
  path: Assets/Alphabetic Neon Props/_Prefabs/Yellow/M_Yellow.prefab
  artifactKey: Guid(319e54ca889a97c48ae8a05447366b77) Importer(815301076,1909f56bfc062723c751e8b465ee728b)
Start importing Assets/Alphabetic Neon Props/_Prefabs/Yellow/M_Yellow.prefab using Guid(319e54ca889a97c48ae8a05447366b77) Importer(815301076,1909f56bfc062723c751e8b465ee728b)  -> (artifact id: '360bb8b369bea9c3a44cb42ea79c7c4d') in 0.046657 seconds 
========================================================================
Received Import Request.
  Time since last request: 0.000041 seconds.
  path: Assets/Alphabetic Neon Props/_Prefabs/Yellow/Q_Yellow.prefab
  artifactKey: Guid(12b598c02b36996459543c90efec288c) Importer(815301076,1909f56bfc062723c751e8b465ee728b)
Start importing Assets/Alphabetic Neon Props/_Prefabs/Yellow/Q_Yellow.prefab using Guid(12b598c02b36996459543c90efec288c) Importer(815301076,1909f56bfc062723c751e8b465ee728b)  -> (artifact id: 'f6f8f33e3e1407604363119e512cbee9') in 0.042276 seconds 
========================================================================
Received Import Request.
  Time since last request: 0.000048 seconds.
  path: Assets/Alphabetic Neon Props/_Prefabs/Yellow/F_Yellow.prefab
  artifactKey: Guid(64414ef2e130dba4e86e97cc81b62a54) Importer(815301076,1909f56bfc062723c751e8b465ee728b)
Start importing Assets/Alphabetic Neon Props/_Prefabs/Yellow/F_Yellow.prefab using Guid(64414ef2e130dba4e86e97cc81b62a54) Importer(815301076,1909f56bfc062723c751e8b465ee728b)  -> (artifact id: 'ba9563eb20f6413eb969f6f03b56383e') in 0.045539 seconds 
========================================================================
Received Import Request.
  Time since last request: 0.000037 seconds.
  path: Assets/Alphabetic Neon Props/_Prefabs/Yellow/X_Yellow.prefab
  artifactKey: Guid(c9f32bc61f737a14ca3ab471eacc54e5) Importer(815301076,1909f56bfc062723c751e8b465ee728b)
Start importing Assets/Alphabetic Neon Props/_Prefabs/Yellow/X_Yellow.prefab using Guid(c9f32bc61f737a14ca3ab471eacc54e5) Importer(815301076,1909f56bfc062723c751e8b465ee728b)  -> (artifact id: 'beda635ab4b74d418d726e63e7f59ccf') in 0.047399 seconds 
========================================================================
Received Import Request.
  Time since last request: 0.000050 seconds.
  path: Assets/Alphabetic Neon Props/_Prefabs/White/6_White.prefab
  artifactKey: Guid(45b10beb5834b9243828aa9a4918df65) Importer(815301076,1909f56bfc062723c751e8b465ee728b)
Start importing Assets/Alphabetic Neon Props/_Prefabs/White/6_White.prefab using Guid(45b10beb5834b9243828aa9a4918df65) Importer(815301076,1909f56bfc062723c751e8b465ee728b)  -> (artifact id: '3cb4ad085371b91dba7387518bf59186') in 0.043417 seconds 
========================================================================
Received Import Request.
  Time since last request: 0.000079 seconds.
  path: Assets/Alphabetic Neon Props/_Prefabs/Yellow/Z_Yellow.prefab
  artifactKey: Guid(68d5dab2dd8724247850b6d829b71e2b) Importer(815301076,1909f56bfc062723c751e8b465ee728b)
Start importing Assets/Alphabetic Neon Props/_Prefabs/Yellow/Z_Yellow.prefab using Guid(68d5dab2dd8724247850b6d829b71e2b) Importer(815301076,1909f56bfc062723c751e8b465ee728b)  -> (artifact id: '95d399e8056d636f482d9d3727e489d4') in 0.047361 seconds 
========================================================================
Received Import Request.
  Time since last request: 0.000047 seconds.
  path: Assets/Alphabetic Neon Props/_Prefabs/Yellow/3_Yellow.prefab
  artifactKey: Guid(ebb700ad4e26184468f5f75bf9e72589) Importer(815301076,1909f56bfc062723c751e8b465ee728b)
Start importing Assets/Alphabetic Neon Props/_Prefabs/Yellow/3_Yellow.prefab using Guid(ebb700ad4e26184468f5f75bf9e72589) Importer(815301076,1909f56bfc062723c751e8b465ee728b)  -> (artifact id: 'ece823cb6aec8d46fc6ee2b197434c1d') in 0.046569 seconds 
========================================================================
Received Import Request.
  Time since last request: 0.000252 seconds.
  path: Assets/Alphabetic Neon Props/_Prefabs/White/7_White.prefab
  artifactKey: Guid(79da05daf0f74614d836462aa055ca07) Importer(815301076,1909f56bfc062723c751e8b465ee728b)
Start importing Assets/Alphabetic Neon Props/_Prefabs/White/7_White.prefab using Guid(79da05daf0f74614d836462aa055ca07) Importer(815301076,1909f56bfc062723c751e8b465ee728b)  -> (artifact id: 'ff4c9a2daa9620282e942ede0e8ebb1d') in 0.047680 seconds 
========================================================================
Received Import Request.
  Time since last request: 0.000045 seconds.
  path: Assets/Alphabetic Neon Props/_Prefabs/Yellow/C_Yellow.prefab
  artifactKey: Guid(09a2ca557fcefee43b7bfb4488bea970) Importer(815301076,1909f56bfc062723c751e8b465ee728b)
Start importing Assets/Alphabetic Neon Props/_Prefabs/Yellow/C_Yellow.prefab using Guid(09a2ca557fcefee43b7bfb4488bea970) Importer(815301076,1909f56bfc062723c751e8b465ee728b)  -> (artifact id: '02ea35996bdcf0765ee846a5430e8e42') in 0.047620 seconds 
========================================================================
Received Import Request.
  Time since last request: 0.000046 seconds.
  path: Assets/Alphabetic Neon Props/_Prefabs/Yellow/1_Yellow.prefab
  artifactKey: Guid(e7a13d3b1b47ab247b96db0c7a70a79c) Importer(815301076,1909f56bfc062723c751e8b465ee728b)
Start importing Assets/Alphabetic Neon Props/_Prefabs/Yellow/1_Yellow.prefab using Guid(e7a13d3b1b47ab247b96db0c7a70a79c) Importer(815301076,1909f56bfc062723c751e8b465ee728b)  -> (artifact id: '3689066f40411154a1b26136ba979e60') in 0.045840 seconds 
========================================================================
Received Import Request.
  Time since last request: 0.000073 seconds.
  path: Assets/Alphabetic Neon Props/_Prefabs/Yellow/0_Yellow.prefab
  artifactKey: Guid(07ee8c2145c18e94085ef4c31629a8d3) Importer(815301076,1909f56bfc062723c751e8b465ee728b)
Start importing Assets/Alphabetic Neon Props/_Prefabs/Yellow/0_Yellow.prefab using Guid(07ee8c2145c18e94085ef4c31629a8d3) Importer(815301076,1909f56bfc062723c751e8b465ee728b)  -> (artifact id: 'e75cee89ac9447323539b05b9c204eec') in 0.046483 seconds 
========================================================================
Received Import Request.
  Time since last request: 0.000059 seconds.
  path: Assets/Alphabetic Neon Props/_Prefabs/White/O_White.prefab
  artifactKey: Guid(add0b5ddcdec8544ab1c4e9f1524aa60) Importer(815301076,1909f56bfc062723c751e8b465ee728b)
Start importing Assets/Alphabetic Neon Props/_Prefabs/White/O_White.prefab using Guid(add0b5ddcdec8544ab1c4e9f1524aa60) Importer(815301076,1909f56bfc062723c751e8b465ee728b)  -> (artifact id: '26e5cbb6cd0804a0fd99d047e54b3add') in 0.042625 seconds 
========================================================================
Received Import Request.
  Time since last request: 0.000043 seconds.
  path: Assets/Alphabetic Neon Props/_Prefabs/White/L_White.prefab
  artifactKey: Guid(58646180e882710459420b7f05efd08b) Importer(815301076,1909f56bfc062723c751e8b465ee728b)
Start importing Assets/Alphabetic Neon Props/_Prefabs/White/L_White.prefab using Guid(58646180e882710459420b7f05efd08b) Importer(815301076,1909f56bfc062723c751e8b465ee728b)  -> (artifact id: '5b8aee6caa9ae43f3b137597bdc6583a') in 0.041191 seconds 
========================================================================
Received Import Request.
  Time since last request: 2.740778 seconds.
  path: Assets/Alphabetic Neon Props/_Prefabs/Blue/2_Blue.prefab
  artifactKey: Guid(d72dd3199c24dce46b725ba1f775d60f) Importer(815301076,1909f56bfc062723c751e8b465ee728b)
Start importing Assets/Alphabetic Neon Props/_Prefabs/Blue/2_Blue.prefab using Guid(d72dd3199c24dce46b725ba1f775d60f) Importer(815301076,1909f56bfc062723c751e8b465ee728b)  -> (artifact id: '85e4813c525c8eb586eac2e66a18f822') in 0.051049 seconds 
========================================================================
Received Import Request.
  Time since last request: 0.000031 seconds.
  path: Assets/Alphabetic Neon Props/_Prefabs/Blue/C_Blue.prefab
  artifactKey: Guid(bf6b1e5442ab91749b13e420bc4270f1) Importer(815301076,1909f56bfc062723c751e8b465ee728b)
Start importing Assets/Alphabetic Neon Props/_Prefabs/Blue/C_Blue.prefab using Guid(bf6b1e5442ab91749b13e420bc4270f1) Importer(815301076,1909f56bfc062723c751e8b465ee728b)  -> (artifact id: '69e172a15d1da1e3c17423dc0cf7b5c1') in 0.046650 seconds 
========================================================================
Received Import Request.
  Time since last request: 0.000039 seconds.
  path: Assets/Alphabetic Neon Props/_Prefabs/Blue/H_Blue.prefab
  artifactKey: Guid(e78d8f4a8a547fb4fa4ef12502a4dcb1) Importer(815301076,1909f56bfc062723c751e8b465ee728b)
Start importing Assets/Alphabetic Neon Props/_Prefabs/Blue/H_Blue.prefab using Guid(e78d8f4a8a547fb4fa4ef12502a4dcb1) Importer(815301076,1909f56bfc062723c751e8b465ee728b)  -> (artifact id: 'a0e57a8ed896d286ac8bca0489744e81') in 0.052119 seconds 
========================================================================
Received Import Request.
  Time since last request: 0.000066 seconds.
  path: Assets/Alphabetic Neon Props/_Prefabs/Blue/E_Blue.prefab
  artifactKey: Guid(92d09b5058ddc4043b5863b7b2d6bc37) Importer(815301076,1909f56bfc062723c751e8b465ee728b)
Start importing Assets/Alphabetic Neon Props/_Prefabs/Blue/E_Blue.prefab using Guid(92d09b5058ddc4043b5863b7b2d6bc37) Importer(815301076,1909f56bfc062723c751e8b465ee728b)  -> (artifact id: '512b90692e267a72f12e8d8b5db99540') in 0.049409 seconds 
========================================================================
Received Import Request.
  Time since last request: 0.000070 seconds.
  path: Assets/Alphabetic Neon Props/_Prefabs/Blue/A_Blue.prefab
  artifactKey: Guid(35868b8c9e8aee04e997d4784223d873) Importer(815301076,1909f56bfc062723c751e8b465ee728b)
Start importing Assets/Alphabetic Neon Props/_Prefabs/Blue/A_Blue.prefab using Guid(35868b8c9e8aee04e997d4784223d873) Importer(815301076,1909f56bfc062723c751e8b465ee728b)  -> (artifact id: '0a54672becbd0b3d6dba4d82ab34e20b') in 0.048573 seconds 
========================================================================
Received Import Request.
  Time since last request: 0.000043 seconds.
  path: Assets/Alphabetic Neon Props/_Prefabs/Blue/R_Blue.prefab
  artifactKey: Guid(3cf8173918dd7bd4ab9abfd7fca23257) Importer(815301076,1909f56bfc062723c751e8b465ee728b)
Start importing Assets/Alphabetic Neon Props/_Prefabs/Blue/R_Blue.prefab using Guid(3cf8173918dd7bd4ab9abfd7fca23257) Importer(815301076,1909f56bfc062723c751e8b465ee728b)  -> (artifact id: '194f13fd8790cba87f984fc86f8ca43a') in 0.049584 seconds 
========================================================================
Received Import Request.
  Time since last request: 0.000032 seconds.
  path: Assets/Alphabetic Neon Props/_Prefabs/Blue/L_Blue.prefab
  artifactKey: Guid(baccfa5ca9b902b429a2cab750f2827d) Importer(815301076,1909f56bfc062723c751e8b465ee728b)
Start importing Assets/Alphabetic Neon Props/_Prefabs/Blue/L_Blue.prefab using Guid(baccfa5ca9b902b429a2cab750f2827d) Importer(815301076,1909f56bfc062723c751e8b465ee728b)  -> (artifact id: '64f00b17d57f5f2f802d45b46a8f4228') in 0.049191 seconds 
========================================================================
Received Import Request.
  Time since last request: 0.000047 seconds.
  path: Assets/Alphabetic Neon Props/_Prefabs/Blue/J_Blue.prefab
  artifactKey: Guid(6b4a83e7f84857e4cbb181e34a1469e7) Importer(815301076,1909f56bfc062723c751e8b465ee728b)
Start importing Assets/Alphabetic Neon Props/_Prefabs/Blue/J_Blue.prefab using Guid(6b4a83e7f84857e4cbb181e34a1469e7) Importer(815301076,1909f56bfc062723c751e8b465ee728b)  -> (artifact id: 'bde620a4b35832066c15d489cf246d3f') in 0.045216 seconds 
========================================================================
Received Import Request.
  Time since last request: 0.000075 seconds.
  path: Assets/Alphabetic Neon Props/_Prefabs/Blue/4_Blue.prefab
  artifactKey: Guid(71a3fd786613f314ea708112e948c10e) Importer(815301076,1909f56bfc062723c751e8b465ee728b)
Start importing Assets/Alphabetic Neon Props/_Prefabs/Blue/4_Blue.prefab using Guid(71a3fd786613f314ea708112e948c10e) Importer(815301076,1909f56bfc062723c751e8b465ee728b)  -> (artifact id: 'be5a26a419ba03e6a216ede9d8e1595d') in 0.046787 seconds 
========================================================================
Received Import Request.
  Time since last request: 39.869586 seconds.
  path: Assets/Alphabetic Neon Props/Materials/Neon_albedo_Pink.mat
  artifactKey: Guid(da0b40b2956f565489db55913bea8e99) Importer(815301076,1909f56bfc062723c751e8b465ee728b)
Start importing Assets/Alphabetic Neon Props/Materials/Neon_albedo_Pink.mat using Guid(da0b40b2956f565489db55913bea8e99) Importer(815301076,1909f56bfc062723c751e8b465ee728b)  -> (artifact id: '074d8562a150efb15cafeda956f90281') in 0.051228 seconds 
========================================================================
Received Import Request.
  Time since last request: 0.000036 seconds.
  path: Assets/Alphabetic Neon Props/Materials/New_Material.mat
  artifactKey: Guid(5b164f9ef846b9e41b6b65af4e313acf) Importer(815301076,1909f56bfc062723c751e8b465ee728b)
Start importing Assets/Alphabetic Neon Props/Materials/New_Material.mat using Guid(5b164f9ef846b9e41b6b65af4e313acf) Importer(815301076,1909f56bfc062723c751e8b465ee728b)  -> (artifact id: '8db8f5b04e7cc0a649185dc569ab54a6') in 0.044887 seconds 
========================================================================
Received Import Request.
  Time since last request: 4.739883 seconds.
  path: Assets/Alphabetic Neon Props/Models/2_Model.fbx
  artifactKey: Guid(1d5c77243becfdf4abf657a8071decf8) Importer(815301076,1909f56bfc062723c751e8b465ee728b)
Start importing Assets/Alphabetic Neon Props/Models/2_Model.fbx using Guid(1d5c77243becfdf4abf657a8071decf8) Importer(815301076,1909f56bfc062723c751e8b465ee728b)  -> (artifact id: 'a8e6d0cb2bd938030c38d2aad7bca602') in 0.052614 seconds 
========================================================================
Received Import Request.
  Time since last request: 0.000046 seconds.
  path: Assets/Alphabetic Neon Props/Models/7_Model.fbx
  artifactKey: Guid(390e8cb8a43cd8044a7903e1192b93a3) Importer(815301076,1909f56bfc062723c751e8b465ee728b)
Start importing Assets/Alphabetic Neon Props/Models/7_Model.fbx using Guid(390e8cb8a43cd8044a7903e1192b93a3) Importer(815301076,1909f56bfc062723c751e8b465ee728b)  -> (artifact id: '0989dfd35f54442c839c6d2c76c5ddba') in 0.064321 seconds 
========================================================================
Received Import Request.
  Time since last request: 0.000060 seconds.
  path: Assets/Alphabetic Neon Props/Models/V_Model.fbx
  artifactKey: Guid(c72a45d92abd13a48af5ac05d9670860) Importer(815301076,1909f56bfc062723c751e8b465ee728b)
Start importing Assets/Alphabetic Neon Props/Models/V_Model.fbx using Guid(c72a45d92abd13a48af5ac05d9670860) Importer(815301076,1909f56bfc062723c751e8b465ee728b)  -> (artifact id: '7cd41d1d1f4596e9a5b40de4ec9bab8d') in 0.037278 seconds 
========================================================================
Received Import Request.
  Time since last request: 0.000058 seconds.
  path: Assets/Alphabetic Neon Props/Models/X_Model.fbx
  artifactKey: Guid(9a27bab1de98a4f43bea472828c7deaa) Importer(815301076,1909f56bfc062723c751e8b465ee728b)
Start importing Assets/Alphabetic Neon Props/Models/X_Model.fbx using Guid(9a27bab1de98a4f43bea472828c7deaa) Importer(815301076,1909f56bfc062723c751e8b465ee728b)  -> (artifact id: 'fecd4c4fd34ccec3d4e84c7d9ebd96ae') in 0.039605 seconds 
========================================================================
Received Import Request.
  Time since last request: 0.000086 seconds.
  path: Assets/Alphabetic Neon Props/Models/W_Model.fbx
  artifactKey: Guid(7027842f955b95040a4763188d267288) Importer(815301076,1909f56bfc062723c751e8b465ee728b)
Start importing Assets/Alphabetic Neon Props/Models/W_Model.fbx using Guid(7027842f955b95040a4763188d267288) Importer(815301076,1909f56bfc062723c751e8b465ee728b)  -> (artifact id: '1ec9131b383457ae61c21d9e584d34e6') in 0.041972 seconds 
========================================================================
Received Import Request.
  Time since last request: 0.000034 seconds.
  path: Assets/Alphabetic Neon Props/Models/U_Model.fbx
  artifactKey: Guid(0dd1d593f8ea3de4393e1bc4f94a4b03) Importer(815301076,1909f56bfc062723c751e8b465ee728b)
Start importing Assets/Alphabetic Neon Props/Models/U_Model.fbx using Guid(0dd1d593f8ea3de4393e1bc4f94a4b03) Importer(815301076,1909f56bfc062723c751e8b465ee728b)  -> (artifact id: '3e795a1741e2b38e77d86b7dd8e4a8ae') in 0.040195 seconds 
========================================================================
Received Import Request.
  Time since last request: 0.000035 seconds.
  path: Assets/Alphabetic Neon Props/Models/M_Model.fbx
  artifactKey: Guid(6aafc6bfda883f84a9295d20774d33f8) Importer(815301076,1909f56bfc062723c751e8b465ee728b)
Start importing Assets/Alphabetic Neon Props/Models/M_Model.fbx using Guid(6aafc6bfda883f84a9295d20774d33f8) Importer(815301076,1909f56bfc062723c751e8b465ee728b)  -> (artifact id: '512aa7b5966caffc4f08cd93251035ae') in 0.037213 seconds 
========================================================================
Received Import Request.
  Time since last request: 0.000039 seconds.
  path: Assets/Alphabetic Neon Props/Models/H_Model.fbx
  artifactKey: Guid(42839905b74527f49b702d22c50817ed) Importer(815301076,1909f56bfc062723c751e8b465ee728b)
Start importing Assets/Alphabetic Neon Props/Models/H_Model.fbx using Guid(42839905b74527f49b702d22c50817ed) Importer(815301076,1909f56bfc062723c751e8b465ee728b)  -> (artifact id: '5dedd54ab020fb1838d8869609efb70c') in 0.035652 seconds 
========================================================================
Received Import Request.
  Time since last request: 0.000058 seconds.
  path: Assets/Alphabetic Neon Props/Models/K_Model.fbx
  artifactKey: Guid(dc581f2eb9372094d9d9cc3893bf88bf) Importer(815301076,1909f56bfc062723c751e8b465ee728b)
Start importing Assets/Alphabetic Neon Props/Models/K_Model.fbx using Guid(dc581f2eb9372094d9d9cc3893bf88bf) Importer(815301076,1909f56bfc062723c751e8b465ee728b)  -> (artifact id: 'b23c9627cc357ea4e45db9b9799556bd') in 0.037997 seconds 
========================================================================
Received Prepare
Registering precompiled user dll's ...
Registered in 0.014454 seconds.
Begin MonoManager ReloadAssembly
Symbol file LoadedFromMemory doesn't match image C:\Unity\Sound-Of-Dread\Sound Of Dread\Library\PackageCache\com.unity.visualscripting@1.7.8\Editor\VisualScripting.Core\Dependencies\YamlDotNet\Unity.VisualScripting.YamlDotNet.dll
Symbol file LoadedFromMemory doesn't match image C:\Unity\Sound-Of-Dread\Sound Of Dread\Library\PackageCache\com.unity.visualscripting@1.7.8\Editor\VisualScripting.Core\Dependencies\DotNetZip\Unity.VisualScripting.IonicZip.dll
Native extension for WindowsStandalone target not found
Refreshing native plugins compatible for Editor in 1.30 ms, found 3 plugins.
Preloading 0 native plugins for Editor in 0.00 ms.
Mono: successfully reloaded assembly
- Completed reload, in  1.691 seconds
Domain Reload Profiling:
	ReloadAssembly (1691ms)
		BeginReloadAssembly (199ms)
			ExecutionOrderSort (0ms)
			DisableScriptedObjects (9ms)
			BackupInstance (0ms)
			ReleaseScriptingObjects (0ms)
			CreateAndSetChildDomain (54ms)
		EndReloadAssembly (1328ms)
			LoadAssemblies (148ms)
			RebuildTransferFunctionScriptingTraits (0ms)
			SetupTypeCache (354ms)
			ReleaseScriptCaches (3ms)
			RebuildScriptCaches (59ms)
			SetupLoadedEditorAssemblies (630ms)
				LogAssemblyErrors (0ms)
				InitializePlatformSupportModulesInManaged (20ms)
				SetLoadedEditorAssemblies (1ms)
				RefreshPlugins (1ms)
				BeforeProcessingInitializeOnLoad (142ms)
				ProcessInitializeOnLoadAttributes (353ms)
				ProcessInitializeOnLoadMethodAttributes (94ms)
				AfterProcessingInitializeOnLoad (19ms)
				EditorAssembliesLoaded (0ms)
			ExecutionOrderSort2 (0ms)
			AwakeInstancesAfterBackupRestoration (31ms)
Platform modules already initialized, skipping
Refreshing native plugins compatible for Editor in 4.69 ms, found 3 plugins.
Preloading 0 native plugins for Editor in 0.00 ms.
Unloading 5747 Unused Serialized files (Serialized files now loaded: 0)
Unloading 48 unused Assets / (2.3 MB). Loaded Objects now: 6535.
Memory consumption went from 250.3 MB to 248.0 MB.
Total: 8.665800 ms (FindLiveObjects: 1.088700 ms CreateObjectMapping: 0.477200 ms MarkObjects: 5.589600 ms  DeleteObjects: 1.508300 ms)

AssetImportParameters requested are different than current active one (requested -> active):
  custom:video-decoder-ogg-theora: a1e56fd34408186e4bbccfd4996cb3dc -> 
  custom:container-muxer-webm: aa71ff27fc2769a1b78a27578f13a17b -> 
  custom:container-demuxer-webm: 4f35f7cbe854078d1ac9338744f61a02 -> 
  custom:video-encoder-webm-vp8: eb34c28f22e8b96e1ab97ce403110664 -> 
  custom:audio-encoder-webm-vorbis: bf7c407c2cedff20999df2af8eb42d56 -> 
  custom:framework-win-MediaFoundation: 216162199b28c13a410421893ffa2e32 -> 
  custom:container-demuxer-ogg: 62fdf1f143b41e24485cea50d1cbac27 -> 
  custom:video-decoder-webm-vp8: 9c59270c3fd7afecdb556c50c9e8de78 -> 
  custom:audio-decoder-ogg-vorbis: bf7c407c2cedff20999df2af8eb42d56 -> 
Editor requested this worker to shutdown with reason: Scaling down because of idle timeout
AssetImportWorker is now disconnected from the server
Process exiting
Exiting without the bug reporter. Application will terminate with return code 0